Arguments: 
  /usr/local/bin/node /usr/local/Cellar/yarn/1.22.5/libexec/bin/yarn.js add canvasjs.react

PATH: 
  /usr/local/bin:/usr/bin:/bin:/usr/sbin:/sbin:/usr/local/share/dotnet:~/.dotnet/tools:/Library/Apple/usr/bin:/Library/Frameworks/Mono.framework/Versions/Current/Commands

Yarn version: 
  1.22.5

Node version: 
  14.5.0

Platform: 
  darwin x64

Trace: 
  Error: https://registry.yarnpkg.com/canvasjs.react: Not found
      at Request.params.callback [as _callback] (/usr/local/Cellar/yarn/1.22.5/libexec/lib/cli.js:66988:18)
      at Request.self.callback (/usr/local/Cellar/yarn/1.22.5/libexec/lib/cli.js:140749:22)
      at Request.emit (events.js:314:20)
      at Request.<anonymous> (/usr/local/Cellar/yarn/1.22.5/libexec/lib/cli.js:141721:10)
      at Request.emit (events.js:314:20)
      at IncomingMessage.<anonymous> (/usr/local/Cellar/yarn/1.22.5/libexec/lib/cli.js:141643:12)
      at Object.onceWrapper (events.js:420:28)
      at IncomingMessage.emit (events.js:326:22)
      at endReadableNT (_stream_readable.js:1226:12)
      at processTicksAndRejections (internal/process/task_queues.js:80:21)

npm manifest: 
  {
    "name": "react-redux-router",
    "version": "1.0.0",
    "description": "Basic skeleton codebase for React/Redux/Router applications.",
    "scripts": {
      "preinstall": "npm set audit false",
      "start": "webpack-dev-server --config webpack/dev.config.js --watch",
      "build": "cross-env NODE_ENV=production webpack --config webpack/prod.config.js --progress --display-error-details --color",
      "heroku-postbuild": "npm run build",
      "precommit": "eslint src",
      "prod": "NODE_ENV=production node server.js"
    },
    "repository": {
      "type": "git",
      "url": "git@github.com:bottega-code-school/js-builder.git"
    },
    "keywords": [
      "es6",
      "es7",
      "webpack2",
      "webpack3",
      "starter",
      "template",
      "postcss",
      "sass",
      "css module"
    ],
    "author": "Kent Taylor",
    "license": "MIT",
    "bugs": {
      "url": "https://github.com/bottega-code-school/js-builder/issues"
    },
    "homepage": "https://github.com/bottega-code-school/js-builder",
    "dependencies": {
      "ajv": "^5.5.2",
      "autoprefixer": "^9.1.0",
      "babel-cli": "^6.26.0",
      "babel-core": "^6.26.3",
      "babel-eslint": "^7.2.3",
      "babel-loader": "^7.1.5",
      "babel-plugin-async-to-promises": "^1.0.5",
      "babel-plugin-transform-runtime": "^6.23.0",
      "babel-polyfill": "^6.26.0",
      "babel-preset-env": "^1.7.0",
      "clean-webpack-plugin": "^0.1.16",
      "copy-webpack-plugin": "^4.5.2",
      "cross-env": "^5.2.0",
      "css-loader": "^1.0.0",
      "eslint": "^4.2.0",
      "eslint-loader": "^1.9.0",
      "eslint-plugin-react": "^7.1.0",
      "express": "^4.16.3",
      "extract-loader": "^2.0.1",
      "file-loader": "^1.1.11",
      "html-loader": "^0.5.5",
      "html-webpack-plugin": "^3.2.0",
      "node-sass": "^4.9.2",
      "postcss-loader": "^2.1.6",
      "react": "16.8.0",
      "react-dom": "16.8.0",
      "react-redux": "5.0.6",
      "react-router": "^4.2.0",
      "react-router-dom": "^4.3.1",
      "redux": "^3.7.2",
      "sass-loader": "^7.1.0",
      "style-loader": "^0.21.0",
      "webpack": "^4.16.4",
      "webpack-cli": "^3.1.0",
      "webpack-dev-middleware": "^3.1.3",
      "webpack-dev-server": "^3.3.1",
      "webpack-hot-middleware": "^2.22.3",
      "webpack-merge": "^4.1.0"
    },
    "devDependencies": {
      "babel-plugin-transform-class-properties": "^6.24.1",
      "babel-plugin-transform-object-rest-spread": "^6.26.0",
      "babel-preset-react": "^6.24.1",
      "babel-register": "^6.26.0",
      "extract-text-webpack-plugin": "^4.0.0-beta.0",
      "uglifyjs-webpack-plugin": "^1.2.7"
    }
  }

yarn manifest: 
  No manifest

Lockfile: 
  No lockfile
